<?xml version="1.0" encoding="UTF-8"?>
<testsuite xmlns:xsi="http://www.w3.org/2001/XMLSchema-instance" xsi:noNamespaceSchemaLocation="https://maven.apache.org/surefire/maven-surefire-plugin/xsd/surefire-test-report-3.0.xsd" version="3.0" name="com.saurav.ems_backend.EmsBackendApplicationTests" time="6.092" tests="1" errors="0" skipped="0" failures="0">
  <properties>
    <property name="java.specification.version" value="23"/>
    <property name="sun.cpu.isalist" value="amd64"/>
    <property name="sun.jnu.encoding" value="Cp1252"/>
    <property name="java.class.path" value="D:\ems-backend\ems-backend\target\test-classes;D:\ems-backend\ems-backend\target\classes;C:\Users\saurav kumar singh\.m2\repository\org\springframework\boot\spring-boot-starter-data-jpa\3.3.10\spring-boot-starter-data-jpa-3.3.10.jar;C:\Users\saurav kumar singh\.m2\repository\org\springframework\boot\spring-boot-starter-aop\3.3.10\spring-boot-starter-aop-3.3.10.jar;C:\Users\saurav kumar singh\.m2\repository\org\springframework\spring-aop\6.1.18\spring-aop-6.1.18.jar;C:\Users\saurav kumar singh\.m2\repository\org\aspectj\aspectjweaver\1.9.23\aspectjweaver-1.9.23.jar;C:\Users\saurav kumar singh\.m2\repository\org\springframework\boot\spring-boot-starter-jdbc\3.3.10\spring-boot-starter-jdbc-3.3.10.jar;C:\Users\saurav kumar singh\.m2\repository\com\zaxxer\HikariCP\5.1.0\HikariCP-5.1.0.jar;C:\Users\saurav kumar singh\.m2\repository\org\springframework\spring-jdbc\6.1.18\spring-jdbc-6.1.18.jar;C:\Users\saurav kumar singh\.m2\repository\org\hibernate\orm\hibernate-core\6.5.3.Final\hibernate-core-6.5.3.Final.jar;C:\Users\saurav kumar singh\.m2\repository\jakarta\persistence\jakarta.persistence-api\3.1.0\jakarta.persistence-api-3.1.0.jar;C:\Users\saurav kumar singh\.m2\repository\jakarta\transaction\jakarta.transaction-api\2.0.1\jakarta.transaction-api-2.0.1.jar;C:\Users\saurav kumar singh\.m2\repository\org\jboss\logging\jboss-logging\3.5.3.Final\jboss-logging-3.5.3.Final.jar;C:\Users\saurav kumar singh\.m2\repository\org\hibernate\common\hibernate-commons-annotations\6.0.6.Final\hibernate-commons-annotations-6.0.6.Final.jar;C:\Users\saurav kumar singh\.m2\repository\io\smallrye\jandex\3.1.2\jandex-3.1.2.jar;C:\Users\saurav kumar singh\.m2\repository\com\fasterxml\classmate\1.7.0\classmate-1.7.0.jar;C:\Users\saurav kumar singh\.m2\repository\net\bytebuddy\byte-buddy\1.14.19\byte-buddy-1.14.19.jar;C:\Users\saurav kumar singh\.m2\repository\org\glassfish\jaxb\jaxb-runtime\4.0.5\jaxb-runtime-4.0.5.jar;C:\Users\saurav kumar singh\.m2\repository\org\glassfish\jaxb\jaxb-core\4.0.5\jaxb-core-4.0.5.jar;C:\Users\saurav kumar singh\.m2\repository\org\eclipse\angus\angus-activation\2.0.2\angus-activation-2.0.2.jar;C:\Users\saurav kumar singh\.m2\repository\org\glassfish\jaxb\txw2\4.0.5\txw2-4.0.5.jar;C:\Users\saurav kumar singh\.m2\repository\com\sun\istack\istack-commons-runtime\4.1.2\istack-commons-runtime-4.1.2.jar;C:\Users\saurav kumar singh\.m2\repository\jakarta\inject\jakarta.inject-api\2.0.1\jakarta.inject-api-2.0.1.jar;C:\Users\saurav kumar singh\.m2\repository\org\antlr\antlr4-runtime\4.13.0\antlr4-runtime-4.13.0.jar;C:\Users\saurav kumar singh\.m2\repository\org\springframework\data\spring-data-jpa\3.3.10\spring-data-jpa-3.3.10.jar;C:\Users\saurav kumar singh\.m2\repository\org\springframework\data\spring-data-commons\3.3.10\spring-data-commons-3.3.10.jar;C:\Users\saurav kumar singh\.m2\repository\org\springframework\spring-orm\6.1.18\spring-orm-6.1.18.jar;C:\Users\saurav kumar singh\.m2\repository\org\springframework\spring-context\6.1.18\spring-context-6.1.18.jar;C:\Users\saurav kumar singh\.m2\repository\org\springframework\spring-tx\6.1.18\spring-tx-6.1.18.jar;C:\Users\saurav kumar singh\.m2\repository\org\springframework\spring-beans\6.1.18\spring-beans-6.1.18.jar;C:\Users\saurav kumar singh\.m2\repository\jakarta\annotation\jakarta.annotation-api\2.1.1\jakarta.annotation-api-2.1.1.jar;C:\Users\saurav kumar singh\.m2\repository\org\slf4j\slf4j-api\2.0.17\slf4j-api-2.0.17.jar;C:\Users\saurav kumar singh\.m2\repository\org\springframework\spring-aspects\6.1.18\spring-aspects-6.1.18.jar;C:\Users\saurav kumar singh\.m2\repository\org\springframework\boot\spring-boot-starter-web\3.3.10\spring-boot-starter-web-3.3.10.jar;C:\Users\saurav kumar singh\.m2\repository\org\springframework\boot\spring-boot-starter\3.3.10\spring-boot-starter-3.3.10.jar;C:\Users\saurav kumar singh\.m2\repository\org\springframework\boot\spring-boot\3.3.10\spring-boot-3.3.10.jar;C:\Users\saurav kumar singh\.m2\repository\org\springframework\boot\spring-boot-autoconfigure\3.3.10\spring-boot-autoconfigure-3.3.10.jar;C:\Users\saurav kumar singh\.m2\repository\org\springframework\boot\spring-boot-starter-logging\3.3.10\spring-boot-starter-logging-3.3.10.jar;C:\Users\saurav kumar singh\.m2\repository\ch\qos\logback\logback-classic\1.5.18\logback-classic-1.5.18.jar;C:\Users\saurav kumar singh\.m2\repository\ch\qos\logback\logback-core\1.5.18\logback-core-1.5.18.jar;C:\Users\saurav kumar singh\.m2\repository\org\apache\logging\log4j\log4j-to-slf4j\2.23.1\log4j-to-slf4j-2.23.1.jar;C:\Users\saurav kumar singh\.m2\repository\org\apache\logging\log4j\log4j-api\2.23.1\log4j-api-2.23.1.jar;C:\Users\saurav kumar singh\.m2\repository\org\slf4j\jul-to-slf4j\2.0.17\jul-to-slf4j-2.0.17.jar;C:\Users\saurav kumar singh\.m2\repository\org\yaml\snakeyaml\2.2\snakeyaml-2.2.jar;C:\Users\saurav kumar singh\.m2\repository\org\springframework\boot\spring-boot-starter-json\3.3.10\spring-boot-starter-json-3.3.10.jar;C:\Users\saurav kumar singh\.m2\repository\com\fasterxml\jackson\core\jackson-databind\2.17.3\jackson-databind-2.17.3.jar;C:\Users\saurav kumar singh\.m2\repository\com\fasterxml\jackson\core\jackson-annotations\2.17.3\jackson-annotations-2.17.3.jar;C:\Users\saurav kumar singh\.m2\repository\com\fasterxml\jackson\core\jackson-core\2.17.3\jackson-core-2.17.3.jar;C:\Users\saurav kumar singh\.m2\repository\com\fasterxml\jackson\datatype\jackson-datatype-jdk8\2.17.3\jackson-datatype-jdk8-2.17.3.jar;C:\Users\saurav kumar singh\.m2\repository\com\fasterxml\jackson\datatype\jackson-datatype-jsr310\2.17.3\jackson-datatype-jsr310-2.17.3.jar;C:\Users\saurav kumar singh\.m2\repository\com\fasterxml\jackson\module\jackson-module-parameter-names\2.17.3\jackson-module-parameter-names-2.17.3.jar;C:\Users\saurav kumar singh\.m2\repository\org\springframework\boot\spring-boot-starter-tomcat\3.3.10\spring-boot-starter-tomcat-3.3.10.jar;C:\Users\saurav kumar singh\.m2\repository\org\apache\tomcat\embed\tomcat-embed-core\10.1.39\tomcat-embed-core-10.1.39.jar;C:\Users\saurav kumar singh\.m2\repository\org\apache\tomcat\embed\tomcat-embed-el\10.1.39\tomcat-embed-el-10.1.39.jar;C:\Users\saurav kumar singh\.m2\repository\org\apache\tomcat\embed\tomcat-embed-websocket\10.1.39\tomcat-embed-websocket-10.1.39.jar;C:\Users\saurav kumar singh\.m2\repository\org\springframework\spring-web\6.1.18\spring-web-6.1.18.jar;C:\Users\saurav kumar singh\.m2\repository\io\micrometer\micrometer-observation\1.13.12\micrometer-observation-1.13.12.jar;C:\Users\saurav kumar singh\.m2\repository\io\micrometer\micrometer-commons\1.13.12\micrometer-commons-1.13.12.jar;C:\Users\saurav kumar singh\.m2\repository\org\springframework\spring-webmvc\6.1.18\spring-webmvc-6.1.18.jar;C:\Users\saurav kumar singh\.m2\repository\org\springframework\spring-expression\6.1.18\spring-expression-6.1.18.jar;C:\Users\saurav kumar singh\.m2\repository\com\mysql\mysql-connector-j\8.3.0\mysql-connector-j-8.3.0.jar;C:\Users\saurav kumar singh\.m2\repository\org\projectlombok\lombok\1.18.30\lombok-1.18.30.jar;C:\Users\saurav kumar singh\.m2\repository\org\springframework\boot\spring-boot-starter-test\3.3.10\spring-boot-starter-test-3.3.10.jar;C:\Users\saurav kumar singh\.m2\repository\org\springframework\boot\spring-boot-test\3.3.10\spring-boot-test-3.3.10.jar;C:\Users\saurav kumar singh\.m2\repository\org\springframework\boot\spring-boot-test-autoconfigure\3.3.10\spring-boot-test-autoconfigure-3.3.10.jar;C:\Users\saurav kumar singh\.m2\repository\com\jayway\jsonpath\json-path\2.9.0\json-path-2.9.0.jar;C:\Users\saurav kumar singh\.m2\repository\jakarta\xml\bind\jakarta.xml.bind-api\4.0.2\jakarta.xml.bind-api-4.0.2.jar;C:\Users\saurav kumar singh\.m2\repository\jakarta\activation\jakarta.activation-api\2.1.3\jakarta.activation-api-2.1.3.jar;C:\Users\saurav kumar singh\.m2\repository\net\minidev\json-smart\2.5.2\json-smart-2.5.2.jar;C:\Users\saurav kumar singh\.m2\repository\net\minidev\accessors-smart\2.5.2\accessors-smart-2.5.2.jar;C:\Users\saurav kumar singh\.m2\repository\org\ow2\asm\asm\9.7.1\asm-9.7.1.jar;C:\Users\saurav kumar singh\.m2\repository\org\assertj\assertj-core\3.25.3\assertj-core-3.25.3.jar;C:\Users\saurav kumar singh\.m2\repository\org\awaitility\awaitility\4.2.2\awaitility-4.2.2.jar;C:\Users\saurav kumar singh\.m2\repository\org\hamcrest\hamcrest\2.2\hamcrest-2.2.jar;C:\Users\saurav kumar singh\.m2\repository\org\junit\jupiter\junit-jupiter\5.10.5\junit-jupiter-5.10.5.jar;C:\Users\saurav kumar singh\.m2\repository\org\junit\jupiter\junit-jupiter-api\5.10.5\junit-jupiter-api-5.10.5.jar;C:\Users\saurav kumar singh\.m2\repository\org\opentest4j\opentest4j\1.3.0\opentest4j-1.3.0.jar;C:\Users\saurav kumar singh\.m2\repository\org\junit\platform\junit-platform-commons\1.10.5\junit-platform-commons-1.10.5.jar;C:\Users\saurav kumar singh\.m2\repository\org\apiguardian\apiguardian-api\1.1.2\apiguardian-api-1.1.2.jar;C:\Users\saurav kumar singh\.m2\repository\org\junit\jupiter\junit-jupiter-params\5.10.5\junit-jupiter-params-5.10.5.jar;C:\Users\saurav kumar singh\.m2\repository\org\junit\jupiter\junit-jupiter-engine\5.10.5\junit-jupiter-engine-5.10.5.jar;C:\Users\saurav kumar singh\.m2\repository\org\junit\platform\junit-platform-engine\1.10.5\junit-platform-engine-1.10.5.jar;C:\Users\saurav kumar singh\.m2\repository\org\mockito\mockito-core\5.11.0\mockito-core-5.11.0.jar;C:\Users\saurav kumar singh\.m2\repository\net\bytebuddy\byte-buddy-agent\1.14.19\byte-buddy-agent-1.14.19.jar;C:\Users\saurav kumar singh\.m2\repository\org\objenesis\objenesis\3.3\objenesis-3.3.jar;C:\Users\saurav kumar singh\.m2\repository\org\mockito\mockito-junit-jupiter\5.11.0\mockito-junit-jupiter-5.11.0.jar;C:\Users\saurav kumar singh\.m2\repository\org\skyscreamer\jsonassert\1.5.3\jsonassert-1.5.3.jar;C:\Users\saurav kumar singh\.m2\repository\com\vaadin\external\google\android-json\0.0.20131108.vaadin1\android-json-0.0.20131108.vaadin1.jar;C:\Users\saurav kumar singh\.m2\repository\org\springframework\spring-core\6.1.18\spring-core-6.1.18.jar;C:\Users\saurav kumar singh\.m2\repository\org\springframework\spring-jcl\6.1.18\spring-jcl-6.1.18.jar;C:\Users\saurav kumar singh\.m2\repository\org\springframework\spring-test\6.1.18\spring-test-6.1.18.jar;C:\Users\saurav kumar singh\.m2\repository\org\xmlunit\xmlunit-core\2.9.1\xmlunit-core-2.9.1.jar;"/>
    <property name="java.vm.vendor" value="Oracle Corporation"/>
    <property name="sun.arch.data.model" value="64"/>
    <property name="user.variant" value=""/>
    <property name="java.vendor.url" value="https://java.oracle.com/"/>
    <property name="user.timezone" value="Asia/Calcutta"/>
    <property name="org.jboss.logging.provider" value="slf4j"/>
    <property name="os.name" value="Windows 11"/>
    <property name="java.vm.specification.version" value="23"/>
    <property name="sun.java.launcher" value="SUN_STANDARD"/>
    <property name="user.country" value="IN"/>
    <property name="sun.boot.library.path" value="C:\Users\saurav kumar singh\.jdks\openjdk-23.0.1\bin"/>
    <property name="sun.java.command" value="C:\Users\saurav kumar singh\AppData\Local\Temp\surefire10656143418236699057\surefirebooter-20250323090942752_3.jar C:\Users\saurav kumar singh\AppData\Local\Temp\surefire10656143418236699057 2025-03-23T09-09-42_630-jvmRun1 surefire-20250323090942752_1tmp surefire_0-20250323090942752_2tmp"/>
    <property name="jdk.debug" value="release"/>
    <property name="surefire.test.class.path" value="D:\ems-backend\ems-backend\target\test-classes;D:\ems-backend\ems-backend\target\classes;C:\Users\saurav kumar singh\.m2\repository\org\springframework\boot\spring-boot-starter-data-jpa\3.3.10\spring-boot-starter-data-jpa-3.3.10.jar;C:\Users\saurav kumar singh\.m2\repository\org\springframework\boot\spring-boot-starter-aop\3.3.10\spring-boot-starter-aop-3.3.10.jar;C:\Users\saurav kumar singh\.m2\repository\org\springframework\spring-aop\6.1.18\spring-aop-6.1.18.jar;C:\Users\saurav kumar singh\.m2\repository\org\aspectj\aspectjweaver\1.9.23\aspectjweaver-1.9.23.jar;C:\Users\saurav kumar singh\.m2\repository\org\springframework\boot\spring-boot-starter-jdbc\3.3.10\spring-boot-starter-jdbc-3.3.10.jar;C:\Users\saurav kumar singh\.m2\repository\com\zaxxer\HikariCP\5.1.0\HikariCP-5.1.0.jar;C:\Users\saurav kumar singh\.m2\repository\org\springframework\spring-jdbc\6.1.18\spring-jdbc-6.1.18.jar;C:\Users\saurav kumar singh\.m2\repository\org\hibernate\orm\hibernate-core\6.5.3.Final\hibernate-core-6.5.3.Final.jar;C:\Users\saurav kumar singh\.m2\repository\jakarta\persistence\jakarta.persistence-api\3.1.0\jakarta.persistence-api-3.1.0.jar;C:\Users\saurav kumar singh\.m2\repository\jakarta\transaction\jakarta.transaction-api\2.0.1\jakarta.transaction-api-2.0.1.jar;C:\Users\saurav kumar singh\.m2\repository\org\jboss\logging\jboss-logging\3.5.3.Final\jboss-logging-3.5.3.Final.jar;C:\Users\saurav kumar singh\.m2\repository\org\hibernate\common\hibernate-commons-annotations\6.0.6.Final\hibernate-commons-annotations-6.0.6.Final.jar;C:\Users\saurav kumar singh\.m2\repository\io\smallrye\jandex\3.1.2\jandex-3.1.2.jar;C:\Users\saurav kumar singh\.m2\repository\com\fasterxml\classmate\1.7.0\classmate-1.7.0.jar;C:\Users\saurav kumar singh\.m2\repository\net\bytebuddy\byte-buddy\1.14.19\byte-buddy-1.14.19.jar;C:\Users\saurav kumar singh\.m2\repository\org\glassfish\jaxb\jaxb-runtime\4.0.5\jaxb-runtime-4.0.5.jar;C:\Users\saurav kumar singh\.m2\repository\org\glassfish\jaxb\jaxb-core\4.0.5\jaxb-core-4.0.5.jar;C:\Users\saurav kumar singh\.m2\repository\org\eclipse\angus\angus-activation\2.0.2\angus-activation-2.0.2.jar;C:\Users\saurav kumar singh\.m2\repository\org\glassfish\jaxb\txw2\4.0.5\txw2-4.0.5.jar;C:\Users\saurav kumar singh\.m2\repository\com\sun\istack\istack-commons-runtime\4.1.2\istack-commons-runtime-4.1.2.jar;C:\Users\saurav kumar singh\.m2\repository\jakarta\inject\jakarta.inject-api\2.0.1\jakarta.inject-api-2.0.1.jar;C:\Users\saurav kumar singh\.m2\repository\org\antlr\antlr4-runtime\4.13.0\antlr4-runtime-4.13.0.jar;C:\Users\saurav kumar singh\.m2\repository\org\springframework\data\spring-data-jpa\3.3.10\spring-data-jpa-3.3.10.jar;C:\Users\saurav kumar singh\.m2\repository\org\springframework\data\spring-data-commons\3.3.10\spring-data-commons-3.3.10.jar;C:\Users\saurav kumar singh\.m2\repository\org\springframework\spring-orm\6.1.18\spring-orm-6.1.18.jar;C:\Users\saurav kumar singh\.m2\repository\org\springframework\spring-context\6.1.18\spring-context-6.1.18.jar;C:\Users\saurav kumar singh\.m2\repository\org\springframework\spring-tx\6.1.18\spring-tx-6.1.18.jar;C:\Users\saurav kumar singh\.m2\repository\org\springframework\spring-beans\6.1.18\spring-beans-6.1.18.jar;C:\Users\saurav kumar singh\.m2\repository\jakarta\annotation\jakarta.annotation-api\2.1.1\jakarta.annotation-api-2.1.1.jar;C:\Users\saurav kumar singh\.m2\repository\org\slf4j\slf4j-api\2.0.17\slf4j-api-2.0.17.jar;C:\Users\saurav kumar singh\.m2\repository\org\springframework\spring-aspects\6.1.18\spring-aspects-6.1.18.jar;C:\Users\saurav kumar singh\.m2\repository\org\springframework\boot\spring-boot-starter-web\3.3.10\spring-boot-starter-web-3.3.10.jar;C:\Users\saurav kumar singh\.m2\repository\org\springframework\boot\spring-boot-starter\3.3.10\spring-boot-starter-3.3.10.jar;C:\Users\saurav kumar singh\.m2\repository\org\springframework\boot\spring-boot\3.3.10\spring-boot-3.3.10.jar;C:\Users\saurav kumar singh\.m2\repository\org\springframework\boot\spring-boot-autoconfigure\3.3.10\spring-boot-autoconfigure-3.3.10.jar;C:\Users\saurav kumar singh\.m2\repository\org\springframework\boot\spring-boot-starter-logging\3.3.10\spring-boot-starter-logging-3.3.10.jar;C:\Users\saurav kumar singh\.m2\repository\ch\qos\logback\logback-classic\1.5.18\logback-classic-1.5.18.jar;C:\Users\saurav kumar singh\.m2\repository\ch\qos\logback\logback-core\1.5.18\logback-core-1.5.18.jar;C:\Users\saurav kumar singh\.m2\repository\org\apache\logging\log4j\log4j-to-slf4j\2.23.1\log4j-to-slf4j-2.23.1.jar;C:\Users\saurav kumar singh\.m2\repository\org\apache\logging\log4j\log4j-api\2.23.1\log4j-api-2.23.1.jar;C:\Users\saurav kumar singh\.m2\repository\org\slf4j\jul-to-slf4j\2.0.17\jul-to-slf4j-2.0.17.jar;C:\Users\saurav kumar singh\.m2\repository\org\yaml\snakeyaml\2.2\snakeyaml-2.2.jar;C:\Users\saurav kumar singh\.m2\repository\org\springframework\boot\spring-boot-starter-json\3.3.10\spring-boot-starter-json-3.3.10.jar;C:\Users\saurav kumar singh\.m2\repository\com\fasterxml\jackson\core\jackson-databind\2.17.3\jackson-databind-2.17.3.jar;C:\Users\saurav kumar singh\.m2\repository\com\fasterxml\jackson\core\jackson-annotations\2.17.3\jackson-annotations-2.17.3.jar;C:\Users\saurav kumar singh\.m2\repository\com\fasterxml\jackson\core\jackson-core\2.17.3\jackson-core-2.17.3.jar;C:\Users\saurav kumar singh\.m2\repository\com\fasterxml\jackson\datatype\jackson-datatype-jdk8\2.17.3\jackson-datatype-jdk8-2.17.3.jar;C:\Users\saurav kumar singh\.m2\repository\com\fasterxml\jackson\datatype\jackson-datatype-jsr310\2.17.3\jackson-datatype-jsr310-2.17.3.jar;C:\Users\saurav kumar singh\.m2\repository\com\fasterxml\jackson\module\jackson-module-parameter-names\2.17.3\jackson-module-parameter-names-2.17.3.jar;C:\Users\saurav kumar singh\.m2\repository\org\springframework\boot\spring-boot-starter-tomcat\3.3.10\spring-boot-starter-tomcat-3.3.10.jar;C:\Users\saurav kumar singh\.m2\repository\org\apache\tomcat\embed\tomcat-embed-core\10.1.39\tomcat-embed-core-10.1.39.jar;C:\Users\saurav kumar singh\.m2\repository\org\apache\tomcat\embed\tomcat-embed-el\10.1.39\tomcat-embed-el-10.1.39.jar;C:\Users\saurav kumar singh\.m2\repository\org\apache\tomcat\embed\tomcat-embed-websocket\10.1.39\tomcat-embed-websocket-10.1.39.jar;C:\Users\saurav kumar singh\.m2\repository\org\springframework\spring-web\6.1.18\spring-web-6.1.18.jar;C:\Users\saurav kumar singh\.m2\repository\io\micrometer\micrometer-observation\1.13.12\micrometer-observation-1.13.12.jar;C:\Users\saurav kumar singh\.m2\repository\io\micrometer\micrometer-commons\1.13.12\micrometer-commons-1.13.12.jar;C:\Users\saurav kumar singh\.m2\repository\org\springframework\spring-webmvc\6.1.18\spring-webmvc-6.1.18.jar;C:\Users\saurav kumar singh\.m2\repository\org\springframework\spring-expression\6.1.18\spring-expression-6.1.18.jar;C:\Users\saurav kumar singh\.m2\repository\com\mysql\mysql-connector-j\8.3.0\mysql-connector-j-8.3.0.jar;C:\Users\saurav kumar singh\.m2\repository\org\projectlombok\lombok\1.18.30\lombok-1.18.30.jar;C:\Users\saurav kumar singh\.m2\repository\org\springframework\boot\spring-boot-starter-test\3.3.10\spring-boot-starter-test-3.3.10.jar;C:\Users\saurav kumar singh\.m2\repository\org\springframework\boot\spring-boot-test\3.3.10\spring-boot-test-3.3.10.jar;C:\Users\saurav kumar singh\.m2\repository\org\springframework\boot\spring-boot-test-autoconfigure\3.3.10\spring-boot-test-autoconfigure-3.3.10.jar;C:\Users\saurav kumar singh\.m2\repository\com\jayway\jsonpath\json-path\2.9.0\json-path-2.9.0.jar;C:\Users\saurav kumar singh\.m2\repository\jakarta\xml\bind\jakarta.xml.bind-api\4.0.2\jakarta.xml.bind-api-4.0.2.jar;C:\Users\saurav kumar singh\.m2\repository\jakarta\activation\jakarta.activation-api\2.1.3\jakarta.activation-api-2.1.3.jar;C:\Users\saurav kumar singh\.m2\repository\net\minidev\json-smart\2.5.2\json-smart-2.5.2.jar;C:\Users\saurav kumar singh\.m2\repository\net\minidev\accessors-smart\2.5.2\accessors-smart-2.5.2.jar;C:\Users\saurav kumar singh\.m2\repository\org\ow2\asm\asm\9.7.1\asm-9.7.1.jar;C:\Users\saurav kumar singh\.m2\repository\org\assertj\assertj-core\3.25.3\assertj-core-3.25.3.jar;C:\Users\saurav kumar singh\.m2\repository\org\awaitility\awaitility\4.2.2\awaitility-4.2.2.jar;C:\Users\saurav kumar singh\.m2\repository\org\hamcrest\hamcrest\2.2\hamcrest-2.2.jar;C:\Users\saurav kumar singh\.m2\repository\org\junit\jupiter\junit-jupiter\5.10.5\junit-jupiter-5.10.5.jar;C:\Users\saurav kumar singh\.m2\repository\org\junit\jupiter\junit-jupiter-api\5.10.5\junit-jupiter-api-5.10.5.jar;C:\Users\saurav kumar singh\.m2\repository\org\opentest4j\opentest4j\1.3.0\opentest4j-1.3.0.jar;C:\Users\saurav kumar singh\.m2\repository\org\junit\platform\junit-platform-commons\1.10.5\junit-platform-commons-1.10.5.jar;C:\Users\saurav kumar singh\.m2\repository\org\apiguardian\apiguardian-api\1.1.2\apiguardian-api-1.1.2.jar;C:\Users\saurav kumar singh\.m2\repository\org\junit\jupiter\junit-jupiter-params\5.10.5\junit-jupiter-params-5.10.5.jar;C:\Users\saurav kumar singh\.m2\repository\org\junit\jupiter\junit-jupiter-engine\5.10.5\junit-jupiter-engine-5.10.5.jar;C:\Users\saurav kumar singh\.m2\repository\org\junit\platform\junit-platform-engine\1.10.5\junit-platform-engine-1.10.5.jar;C:\Users\saurav kumar singh\.m2\repository\org\mockito\mockito-core\5.11.0\mockito-core-5.11.0.jar;C:\Users\saurav kumar singh\.m2\repository\net\bytebuddy\byte-buddy-agent\1.14.19\byte-buddy-agent-1.14.19.jar;C:\Users\saurav kumar singh\.m2\repository\org\objenesis\objenesis\3.3\objenesis-3.3.jar;C:\Users\saurav kumar singh\.m2\repository\org\mockito\mockito-junit-jupiter\5.11.0\mockito-junit-jupiter-5.11.0.jar;C:\Users\saurav kumar singh\.m2\repository\org\skyscreamer\jsonassert\1.5.3\jsonassert-1.5.3.jar;C:\Users\saurav kumar singh\.m2\repository\com\vaadin\external\google\android-json\0.0.20131108.vaadin1\android-json-0.0.20131108.vaadin1.jar;C:\Users\saurav kumar singh\.m2\repository\org\springframework\spring-core\6.1.18\spring-core-6.1.18.jar;C:\Users\saurav kumar singh\.m2\repository\org\springframework\spring-jcl\6.1.18\spring-jcl-6.1.18.jar;C:\Users\saurav kumar singh\.m2\repository\org\springframework\spring-test\6.1.18\spring-test-6.1.18.jar;C:\Users\saurav kumar singh\.m2\repository\org\xmlunit\xmlunit-core\2.9.1\xmlunit-core-2.9.1.jar;"/>
    <property name="sun.cpu.endian" value="little"/>
    <property name="user.home" value="C:\Users\saurav kumar singh"/>
    <property name="user.language" value="en"/>
    <property name="java.specification.vendor" value="Oracle Corporation"/>
    <property name="java.version.date" value="2024-10-15"/>
    <property name="java.home" value="C:\Users\saurav kumar singh\.jdks\openjdk-23.0.1"/>
    <property name="file.separator" value="\"/>
    <property name="basedir" value="D:\ems-backend\ems-backend"/>
    <property name="java.vm.compressedOopsMode" value="32-bit"/>
    <property name="line.separator" value="&#10;"/>
    <property name="java.vm.specification.vendor" value="Oracle Corporation"/>
    <property name="java.specification.name" value="Java Platform API Specification"/>
    <property name="FILE_LOG_CHARSET" value="UTF-8"/>
    <property name="java.awt.headless" value="true"/>
    <property name="surefire.real.class.path" value="C:\Users\saurav kumar singh\AppData\Local\Temp\surefire10656143418236699057\surefirebooter-20250323090942752_3.jar"/>
    <property name="user.script" value=""/>
    <property name="sun.management.compiler" value="HotSpot 64-Bit Tiered Compilers"/>
    <property name="java.runtime.version" value="23.0.1+11-39"/>
    <property name="user.name" value="saurav kumar singh"/>
    <property name="stdout.encoding" value="Cp1252"/>
    <property name="path.separator" value=";"/>
    <property name="os.version" value="10.0"/>
    <property name="java.runtime.name" value="OpenJDK Runtime Environment"/>
    <property name="file.encoding" value="UTF-8"/>
    <property name="java.vm.name" value="OpenJDK 64-Bit Server VM"/>
    <property name="localRepository" value="C:\Users\saurav kumar singh\.m2\repository"/>
    <property name="java.vendor.url.bug" value="https://bugreport.java.com/bugreport/"/>
    <property name="java.io.tmpdir" value="C:\Users\SAURAV~1\AppData\Local\Temp\"/>
    <property name="idea.version" value="2024.1.4"/>
    <property name="com.zaxxer.hikari.pool_number" value="1"/>
    <property name="java.version" value="23.0.1"/>
    <property name="user.dir" value="D:\ems-backend\ems-backend"/>
    <property name="os.arch" value="amd64"/>
    <property name="java.vm.specification.name" value="Java Virtual Machine Specification"/>
    <property name="PID" value="4588"/>
    <property name="sun.os.patch.level" value=""/>
    <property name="CONSOLE_LOG_CHARSET" value="UTF-8"/>
    <property name="native.encoding" value="Cp1252"/>
    <property name="java.library.path" value="C:\Users\saurav kumar singh\.jdks\openjdk-23.0.1\bin;C:\Windows\Sun\Java\bin;C:\Windows\system32;C:\Windows;C:\Program Files\JetBrains\IntelliJ IDEA Community Edition 2024.1.4;C:\Program Files\nodejs\;C:\Program Files\MySQL\MySQL Shell 8.0\bin\;C:\Users\saurav kumar singh\AppData\Local\Microsoft\WindowsApps;C:\Users\saurav kumar singh\mongosh\;C:\IdemiaL1RdService\RDService;C:\Users\saurav kumar singh\AppData\Local\Programs\Microsoft VS Code\bin;C:\Program Files\JetBrains\IntelliJ IDEA Community Edition 2024.1.4;C:\Users\saurav kumar singh\AppData\Roaming\npm;C:\Program Files\nodejs;;."/>
    <property name="java.vm.info" value="mixed mode, sharing"/>
    <property name="stderr.encoding" value="Cp1252"/>
    <property name="java.vendor" value="Oracle Corporation"/>
    <property name="java.vm.version" value="23.0.1+11-39"/>
    <property name="sun.io.unicode.encoding" value="UnicodeLittle"/>
    <property name="java.class.version" value="67.0"/>
    <property name="LOGGED_APPLICATION_NAME" value="[ems-backend] "/>
  </properties>
  <testcase name="contextLoads" classname="com.saurav.ems_backend.EmsBackendApplicationTests" time="0.582">
    <system-out><![CDATA[09:09:43.839 [main] INFO org.springframework.test.context.support.AnnotationConfigContextLoaderUtils -- Could not detect default configuration classes for test class [com.saurav.ems_backend.EmsBackendApplicationTests]: EmsBackendApplicationTests does not declare any static, non-private, non-final, nested classes annotated with @Configuration.
09:09:44.065 [main] INFO org.springframework.boot.test.context.SpringBootTestContextBootstrapper -- Found @SpringBootConfiguration com.saurav.ems_backend.EmsBackendApplication for test class com.saurav.ems_backend.EmsBackendApplicationTests

  .   ____          _            __ _ _
 /\\ / ___'_ __ _ _(_)_ __  __ _ \ \ \ \
( ( )\___ | '_ | '_| | '_ \/ _` | \ \ \ \
 \\/  ___)| |_)| | | | | || (_| |  ) ) ) )
  '  |____| .__|_| |_|_| |_\__, | / / / /
 =========|_|==============|___/=/_/_/_/

 :: Spring Boot ::               (v3.3.10)

2025-03-23T09:09:44.684+05:30  INFO 4588 --- [ems-backend] [           main] c.s.e.EmsBackendApplicationTests         : Starting EmsBackendApplicationTests using Java 23.0.1 with PID 4588 (started by saurav kumar singh in D:\ems-backend\ems-backend)
2025-03-23T09:09:44.686+05:30  INFO 4588 --- [ems-backend] [           main] c.s.e.EmsBackendApplicationTests         : No active profile set, falling back to 1 default profile: "default"
2025-03-23T09:09:45.676+05:30  INFO 4588 --- [ems-backend] [           main] .s.d.r.c.RepositoryConfigurationDelegate : Bootstrapping Spring Data JPA repositories in DEFAULT mode.
2025-03-23T09:09:45.741+05:30  INFO 4588 --- [ems-backend] [           main] .s.d.r.c.RepositoryConfigurationDelegate : Finished Spring Data repository scanning in 54 ms. Found 1 JPA repository interface.
2025-03-23T09:09:46.196+05:30  INFO 4588 --- [ems-backend] [           main] o.hibernate.jpa.internal.util.LogHelper  : HHH000204: Processing PersistenceUnitInfo [name: default]
2025-03-23T09:09:46.262+05:30  INFO 4588 --- [ems-backend] [           main] org.hibernate.Version                    : HHH000412: Hibernate ORM core version 6.5.3.Final
2025-03-23T09:09:46.305+05:30  INFO 4588 --- [ems-backend] [           main] o.h.c.internal.RegionFactoryInitiator    : HHH000026: Second-level cache disabled
2025-03-23T09:09:46.684+05:30  INFO 4588 --- [ems-backend] [           main] o.s.o.j.p.SpringPersistenceUnitInfo      : No LoadTimeWeaver setup: ignoring JPA class transformer
2025-03-23T09:09:46.743+05:30  INFO 4588 --- [ems-backend] [           main] com.zaxxer.hikari.HikariDataSource       : HikariPool-1 - Starting...
2025-03-23T09:09:47.215+05:30  INFO 4588 --- [ems-backend] [           main] com.zaxxer.hikari.pool.HikariPool        : HikariPool-1 - Added connection com.mysql.cj.jdbc.ConnectionImpl@3e28dc96
2025-03-23T09:09:47.217+05:30  INFO 4588 --- [ems-backend] [           main] com.zaxxer.hikari.HikariDataSource       : HikariPool-1 - Start completed.
2025-03-23T09:09:47.279+05:30  WARN 4588 --- [ems-backend] [           main] org.hibernate.orm.deprecation            : HHH90000025: MySQLDialect does not need to be specified explicitly using 'hibernate.dialect' (remove the property setting and it will be selected by default)
2025-03-23T09:09:48.132+05:30  INFO 4588 --- [ems-backend] [           main] o.h.e.t.j.p.i.JtaPlatformInitiator       : HHH000489: No JTA platform available (set 'hibernate.transaction.jta.platform' to enable JTA platform integration)
2025-03-23T09:09:48.178+05:30  INFO 4588 --- [ems-backend] [           main] j.LocalContainerEntityManagerFactoryBean : Initialized JPA EntityManagerFactory for persistence unit 'default'
2025-03-23T09:09:48.653+05:30  WARN 4588 --- [ems-backend] [           main] JpaBaseConfiguration$JpaWebConfiguration : spring.jpa.open-in-view is enabled by default. Therefore, database queries may be performed during view rendering. Explicitly configure spring.jpa.open-in-view to disable this warning
2025-03-23T09:09:49.083+05:30  INFO 4588 --- [ems-backend] [           main] c.s.e.EmsBackendApplicationTests         : Started EmsBackendApplicationTests in 4.748 seconds (process running for 6.18)
]]></system-out>
    <system-err><![CDATA[WARNING: A Java agent has been loaded dynamically (C:\Users\saurav kumar singh\.m2\repository\net\bytebuddy\byte-buddy-agent\1.14.19\byte-buddy-agent-1.14.19.jar)
WARNING: If a serviceability tool is in use, please run with -XX:+EnableDynamicAgentLoading to hide this warning
WARNING: If a serviceability tool is not in use, please run with -Djdk.instrument.traceUsage for more information
WARNING: Dynamic loading of agents will be disallowed by default in a future release
]]></system-err>
  </testcase>
</testsuite>